<?xml version="1.0" encoding="UTF-8"?>
<!-- Generated by org.testng.reporters.JUnitXMLReporter -->
<testsuite ignored="0" hostname="HGAJJELA02" failures="0" tests="1" name="Free CRM Test" time="323.734" errors="0" timestamp="2021-03-30T18:20:54 IST">
  <testcase classname="com.crm.qa.TestRunner.TestRunnerFile_ExtentReport" name="@AfterClass writeExtentReport" time="0.001">
    <failure type="java.lang.NullPointerException">
      <![CDATA[java.lang.NullPointerException
at com.crm.qa.managers.FileReaderManager.getReportConfigPath(FileReaderManager.java:19)
at com.crm.qa.TestRunner.TestRunnerFile_ExtentReport.writeExtentReport(TestRunnerFile_ExtentReport.java:68)
at java.base/java.util.ArrayList.forEach(ArrayList.java:1507)
... Removed 25 stack frames]]>
    </failure>
  </testcase> <!-- @AfterClass writeExtentReport -->
  <testcase classname="com.crm.qa.TestRunner.TestRunnerFile_ExtentReport" name="feature" time="322.65"/>
</testsuite> <!-- Free CRM Test -->
