<?xml version="1.0" encoding="UTF-8"?>
<testng-results ignored="0" total="1" passed="1" failed="0" skipped="0">
  <reporter-output>
  </reporter-output>
  <suite started-at="2021-03-30T18:15:31 IST" name="BDD Test Suite" finished-at="2021-03-30T18:20:54 IST" duration-ms="323734">
    <groups>
      <group name="cucumber">
        <method signature="TestRunnerFile_ExtentReport.feature(cucumber.api.testng.CucumberFeatureWrapper)[pri:0, instance:com.crm.qa.TestRunner.TestRunnerFile_ExtentReport@79517588]" name="feature" class="com.crm.qa.TestRunner.TestRunnerFile_ExtentReport"/>
      </group> <!-- cucumber -->
    </groups>
    <test started-at="2021-03-30T18:15:31 IST" name="Free CRM Test" finished-at="2021-03-30T18:20:54 IST" duration-ms="323734">
      <class name="com.crm.qa.TestRunner.TestRunnerFile_ExtentReport">
        <test-method is-config="true" signature="setUpClass()[pri:0, instance:com.crm.qa.TestRunner.TestRunnerFile_ExtentReport@79517588]" started-at="2021-03-30T18:15:31 IST" name="setUpClass" finished-at="2021-03-30T18:15:31 IST" duration-ms="375" status="PASS">
          <reporter-output>
          </reporter-output>
        </test-method> <!-- setUpClass -->
        <test-method signature="feature(cucumber.api.testng.CucumberFeatureWrapper)[pri:0, instance:com.crm.qa.TestRunner.TestRunnerFile_ExtentReport@79517588]" started-at="2021-03-30T18:15:31 IST" name="feature" description="Runs Cucumber Feature" data-provider="features" finished-at="2021-03-30T18:20:54 IST" duration-ms="322650" status="PASS">
          <params>
            <param index="0">
              <value>
                <![CDATA[CRM Application Login Test]]>
              </value>
            </param>
          </params>
          <reporter-output>
          </reporter-output>
        </test-method> <!-- feature -->
        <test-method is-config="true" signature="tearDownClass()[pri:0, instance:com.crm.qa.TestRunner.TestRunnerFile_ExtentReport@79517588]" started-at="2021-03-30T18:20:54 IST" name="tearDownClass" finished-at="2021-03-30T18:20:54 IST" duration-ms="501" status="PASS">
          <reporter-output>
          </reporter-output>
        </test-method> <!-- tearDownClass -->
        <test-method is-config="true" signature="writeExtentReport()[pri:0, instance:com.crm.qa.TestRunner.TestRunnerFile_ExtentReport@79517588]" started-at="2021-03-30T18:20:54 IST" name="writeExtentReport" finished-at="2021-03-30T18:20:54 IST" duration-ms="1" status="FAIL">
          <exception class="java.lang.NullPointerException">
            <full-stacktrace>
              <![CDATA[java.lang.NullPointerException
at com.crm.qa.managers.FileReaderManager.getReportConfigPath(FileReaderManager.java:19)
at com.crm.qa.TestRunner.TestRunnerFile_ExtentReport.writeExtentReport(TestRunnerFile_ExtentReport.java:68)
at java.base/jdk.internal.reflect.NativeMethodAccessorImpl.invoke0(Native Method)
at java.base/jdk.internal.reflect.NativeMethodAccessorImpl.invoke(NativeMethodAccessorImpl.java:62)
at java.base/jdk.internal.reflect.DelegatingMethodAccessorImpl.invoke(DelegatingMethodAccessorImpl.java:43)
at java.base/java.lang.reflect.Method.invoke(Method.java:567)
at org.testng.internal.MethodInvocationHelper.invokeMethod(MethodInvocationHelper.java:132)
at org.testng.internal.MethodInvocationHelper.invokeMethodConsideringTimeout(MethodInvocationHelper.java:61)
at org.testng.internal.ConfigInvoker.invokeConfigurationMethod(ConfigInvoker.java:366)
at org.testng.internal.ConfigInvoker.invokeConfigurations(ConfigInvoker.java:320)
at org.testng.internal.TestMethodWorker.invokeAfterClassMethods(TestMethodWorker.java:217)
at org.testng.internal.TestMethodWorker.run(TestMethodWorker.java:130)
at java.base/java.util.ArrayList.forEach(ArrayList.java:1507)
at org.testng.TestRunner.privateRun(TestRunner.java:764)
at org.testng.TestRunner.run(TestRunner.java:585)
at org.testng.SuiteRunner.runTest(SuiteRunner.java:384)
at org.testng.SuiteRunner.runSequentially(SuiteRunner.java:378)
at org.testng.SuiteRunner.privateRun(SuiteRunner.java:337)
at org.testng.SuiteRunner.run(SuiteRunner.java:286)
at org.testng.SuiteRunnerWorker.runSuite(SuiteRunnerWorker.java:53)
at org.testng.SuiteRunnerWorker.run(SuiteRunnerWorker.java:96)
at org.testng.TestNG.runSuitesSequentially(TestNG.java:1218)
at org.testng.TestNG.runSuitesLocally(TestNG.java:1140)
at org.testng.TestNG.runSuites(TestNG.java:1069)
at org.testng.TestNG.run(TestNG.java:1037)
at org.testng.remote.AbstractRemoteTestNG.run(AbstractRemoteTestNG.java:115)
at org.testng.remote.RemoteTestNG.initAndRun(RemoteTestNG.java:251)
at org.testng.remote.RemoteTestNG.main(RemoteTestNG.java:77)
]]>
            </full-stacktrace>
          </exception> <!-- java.lang.NullPointerException -->
          <reporter-output>
          </reporter-output>
        </test-method> <!-- writeExtentReport -->
      </class> <!-- com.crm.qa.TestRunner.TestRunnerFile_ExtentReport -->
    </test> <!-- Free CRM Test -->
  </suite> <!-- BDD Test Suite -->
</testng-results>
